<?xml version="1.0" encoding="UTF-8"?>
<coverage generated="1664818227090" clover="3.2.0">
  <project timestamp="1664818227090" name="All files">
    <metrics statements="13" coveredstatements="4" conditionals="16" coveredconditionals="4" methods="4" coveredmethods="3" elements="33" coveredelements="11" complexity="0" loc="13" ncloc="13" packages="1" files="1" classes="1"/>
    <file name="triangle.js" path="/CSD/src/triangle/triangle.js">
      <metrics statements="13" coveredstatements="4" conditionals="16" coveredconditionals="4" methods="4" coveredmethods="3"/>
      <line num="3" count="1" type="stmt"/>
      <line num="6" count="1" type="cond" truecount="1" falsecount="1"/>
      <line num="12" count="1" type="cond" truecount="3" falsecount="1"/>
      <line num="13" count="1" type="stmt"/>
      <line num="14" count="0" type="cond" truecount="0" falsecount="4"/>
      <line num="15" count="0" type="stmt"/>
      <line num="16" count="0" type="stmt"/>
      <line num="19" count="0" type="stmt"/>
      <line num="20" count="0" type="cond" truecount="0" falsecount="2"/>
      <line num="21" count="0" type="stmt"/>
      <line num="22" count="0" type="cond" truecount="0" falsecount="4"/>
      <line num="23" count="0" type="stmt"/>
      <line num="24" count="0" type="stmt"/>
    </file>
  </project>
</coverage>
