{"/CSD/src/triangle/triangle.js": {"path":"/CSD/src/triangle/triangle.js","statementMap":{"0":{"start":{"line":3,"column":4},"end":{"line":3,"column":31}},"1":{"start":{"line":6,"column":4},"end":{"line":9,"column":7}},"2":{"start":{"line":12,"column":4},"end":{"line":13,"column":25}},"3":{"start":{"line":13,"column":6},"end":{"line":13,"column":25}},"4":{"start":{"line":14,"column":4},"end":{"line":15,"column":23}},"5":{"start":{"line":15,"column":6},"end":{"line":15,"column":23}},"6":{"start":{"line":16,"column":4},"end":{"line":16,"column":21}},"7":{"start":{"line":19,"column":18},"end":{"line":19,"column":34}},"8":{"start":{"line":20,"column":4},"end":{"line":21,"column":26}},"9":{"start":{"line":21,"column":6},"end":{"line":21,"column":26}},"10":{"start":{"line":22,"column":4},"end":{"line":23,"column":23}},"11":{"start":{"line":23,"column":6},"end":{"line":23,"column":23}},"12":{"start":{"line":24,"column":4},"end":{"line":24,"column":21}}},"fnMap":{"0":{"name":"(anonymous_0)","decl":{"start":{"line":2,"column":2},"end":{"line":2,"column":3}},"loc":{"start":{"line":2,"column":25},"end":{"line":4,"column":3}},"line":2},"1":{"name":"(anonymous_1)","decl":{"start":{"line":5,"column":2},"end":{"line":5,"column":3}},"loc":{"start":{"line":5,"column":20},"end":{"line":10,"column":3}},"line":5},"2":{"name":"(anonymous_2)","decl":{"start":{"line":11,"column":2},"end":{"line":11,"column":3}},"loc":{"start":{"line":11,"column":21},"end":{"line":17,"column":3}},"line":11},"3":{"name":"(anonymous_3)","decl":{"start":{"line":18,"column":2},"end":{"line":18,"column":3}},"loc":{"start":{"line":18,"column":21},"end":{"line":25,"column":3}},"line":18}},"branchMap":{"0":{"loc":{"start":{"line":6,"column":11},"end":{"line":8,"column":29}},"type":"cond-expr","locations":[{"start":{"line":7,"column":6},"end":{"line":7,"column":29}},{"start":{"line":8,"column":6},"end":{"line":8,"column":29}}],"line":6},"1":{"loc":{"start":{"line":12,"column":4},"end":{"line":13,"column":25}},"type":"if","locations":[{"start":{"line":12,"column":4},"end":{"line":13,"column":25}},{"start":{"line":12,"column":4},"end":{"line":13,"column":25}}],"line":12},"2":{"loc":{"start":{"line":12,"column":8},"end":{"line":12,"column":24}},"type":"binary-expr","locations":[{"start":{"line":12,"column":8},"end":{"line":12,"column":14}},{"start":{"line":12,"column":18},"end":{"line":12,"column":24}}],"line":12},"3":{"loc":{"start":{"line":14,"column":4},"end":{"line":15,"column":23}},"type":"if","locations":[{"start":{"line":14,"column":4},"end":{"line":15,"column":23}},{"start":{"line":14,"column":4},"end":{"line":15,"column":23}}],"line":14},"4":{"loc":{"start":{"line":14,"column":8},"end":{"line":14,"column":24}},"type":"binary-expr","locations":[{"start":{"line":14,"column":8},"end":{"line":14,"column":14}},{"start":{"line":14,"column":18},"end":{"line":14,"column":24}}],"line":14},"5":{"loc":{"start":{"line":20,"column":4},"end":{"line":21,"column":26}},"type":"if","locations":[{"start":{"line":20,"column":4},"end":{"line":21,"column":26}},{"start":{"line":20,"column":4},"end":{"line":21,"column":26}}],"line":20},"6":{"loc":{"start":{"line":22,"column":4},"end":{"line":23,"column":23}},"type":"if","locations":[{"start":{"line":22,"column":4},"end":{"line":23,"column":23}},{"start":{"line":22,"column":4},"end":{"line":23,"column":23}}],"line":22},"7":{"loc":{"start":{"line":22,"column":8},"end":{"line":22,"column":52}},"type":"binary-expr","locations":[{"start":{"line":22,"column":8},"end":{"line":22,"column":28}},{"start":{"line":22,"column":32},"end":{"line":22,"column":52}}],"line":22}},"s":{"0":1,"1":1,"2":1,"3":1,"4":0,"5":0,"6":0,"7":0,"8":0,"9":0,"10":0,"11":0,"12":0},"f":{"0":1,"1":1,"2":1,"3":0},"b":{"0":[1,0],"1":[1,0],"2":[1,1],"3":[0,0],"4":[0,0],"5":[0,0],"6":[0,0],"7":[0,0]},"_coverageSchema":"1a1c01bbd47fc00a2c39e90264f33305004495a9","hash":"d439e54052fa7f105adfbcb8055eb8f8a5541487"}
}
